<?xml version="1.0" encoding="UTF-8"?>
<!-- Generated by org.testng.reporters.JUnitReportReporter -->
<testsuite hostname="AkashBhalerao-1999" failures="0" tests="1" name="com.Assert.SoftAssert" time="0.023" errors="0" timestamp="8 Apr 2022 09:50:35 GMT">
  <testcase classname="com.Assert.SoftAssert" name="Soft" time="0.023"/>
</testsuite> <!-- com.Assert.SoftAssert -->
