<?xml version="1.0" encoding="UTF-8"?>
<!-- Generated by org.testng.reporters.JUnitReportReporter -->
<testsuite hostname="AkashBhalerao-1999" failures="0" tests="1" name="com.Assert.AssertCheck" time="0.048" errors="0" timestamp="30 Jan 2022 09:54:02 GMT">
  <testcase classname="com.Assert.AssertCheck" name="Assertt" time="0.048"/>
</testsuite> <!-- com.Assert.AssertCheck -->
